[2024-07-03 15:36:03] local.ERROR: SQLSTATE[HY000] [1045] Access denied for user 'root'@'localhost' (using password: NO) (Connection: mysql, SQL: select table_name as `name`, (data_length + index_length) as `size`, table_comment as `comment`, engine as `engine`, table_collation as `collation` from information_schema.tables where table_schema = 'road_side_rescue_admin' and table_type in ('BASE TABLE', 'SYSTEM VERSIONED') order by table_name) {"exception":"[object] (Illuminate\\Database\\QueryException(code: 1045): SQLSTATE[HY000] [1045] Access denied for user 'root'@'localhost' (using password: NO) (Connection: mysql, SQL: select table_name as `name`, (data_length + index_length) as `size`, table_comment as `comment`, engine as `engine`, table_collation as `collation` from information_schema.tables where table_schema = 'road_side_rescue_admin' and table_type in ('BASE TABLE', 'SYSTEM VERSIONED') order by table_name) at /home/staging/public_html/road-side-rescue.staging.designinternal.com/vendor/laravel/framework/src/Illuminate/Database/Connection.php:813)
[stacktrace]
#0 /home/staging/public_html/road-side-rescue.staging.designinternal.com/vendor/laravel/framework/src/Illuminate/Database/Connection.php(767): Illuminate\\Database\\Connection->runQueryCallback('select table_na...', Array, Object(Closure))
#1 /home/staging/public_html/road-side-rescue.staging.designinternal.com/vendor/laravel/framework/src/Illuminate/Database/Connection.php(398): Illuminate\\Database\\Connection->run('select table_na...', Array, Object(Closure))
#2 /home/staging/public_html/road-side-rescue.staging.designinternal.com/vendor/laravel/framework/src/Illuminate/Database/Connection.php(385): Illuminate\\Database\\Connection->select('select table_na...', Array, false)
#3 /home/staging/public_html/road-side-rescue.staging.designinternal.com/vendor/laravel/framework/src/Illuminate/Database/Schema/MySqlBuilder.php(41): Illuminate\\Database\\Connection->selectFromWriteConnection('select table_na...')
#4 /home/staging/public_html/road-side-rescue.staging.designinternal.com/vendor/laravel/framework/src/Illuminate/Database/Schema/Builder.php(147): Illuminate\\Database\\Schema\\MySqlBuilder->getTables(false)
#5 /home/staging/public_html/road-side-rescue.staging.designinternal.com/vendor/laravel/framework/src/Illuminate/Database/Migrations/DatabaseMigrationRepository.php(184): Illuminate\\Database\\Schema\\Builder->hasTable('migrations')
#6 /home/staging/public_html/road-side-rescue.staging.designinternal.com/vendor/laravel/framework/src/Illuminate/Database/Migrations/Migrator.php(689): Illuminate\\Database\\Migrations\\DatabaseMigrationRepository->repositoryExists()
#7 /home/staging/public_html/road-side-rescue.staging.designinternal.com/vendor/laravel/framework/src/Illuminate/Database/Console/Migrations/MigrateCommand.php(164): Illuminate\\Database\\Migrations\\Migrator->repositoryExists()
#8 /home/staging/public_html/road-side-rescue.staging.designinternal.com/vendor/laravel/framework/src/Illuminate/Support/helpers.php(304): Illuminate\\Database\\Console\\Migrations\\MigrateCommand->Illuminate\\Database\\Console\\Migrations\\{closure}(1)
#9 /home/staging/public_html/road-side-rescue.staging.designinternal.com/vendor/laravel/framework/src/Illuminate/Database/Console/Migrations/MigrateCommand.php(164): retry(1, Object(Closure), 0, Object(Closure))
#10 /home/staging/public_html/road-side-rescue.staging.designinternal.com/vendor/laravel/framework/src/Illuminate/Database/Console/Migrations/MigrateCommand.php(140): Illuminate\\Database\\Console\\Migrations\\MigrateCommand->repositoryExists()
#11 /home/staging/public_html/road-side-rescue.staging.designinternal.com/vendor/laravel/framework/src/Illuminate/Database/Console/Migrations/MigrateCommand.php(110): Illuminate\\Database\\Console\\Migrations\\MigrateCommand->prepareDatabase()
#12 /home/staging/public_html/road-side-rescue.staging.designinternal.com/vendor/laravel/framework/src/Illuminate/Database/Migrations/Migrator.php(622): Illuminate\\Database\\Console\\Migrations\\MigrateCommand->Illuminate\\Database\\Console\\Migrations\\{closure}()
#13 /home/staging/public_html/road-side-rescue.staging.designinternal.com/vendor/laravel/framework/src/Illuminate/Database/Console/Migrations/MigrateCommand.php(109): Illuminate\\Database\\Migrations\\Migrator->usingConnection(NULL, Object(Closure))
#14 /home/staging/public_html/road-side-rescue.staging.designinternal.com/vendor/laravel/framework/src/Illuminate/Database/Console/Migrations/MigrateCommand.php(88): Illuminate\\Database\\Console\\Migrations\\MigrateCommand->runMigrations()
#15 /home/staging/public_html/road-side-rescue.staging.designinternal.com/vendor/laravel/framework/src/Illuminate/Container/BoundMethod.php(36): Illuminate\\Database\\Console\\Migrations\\MigrateCommand->handle()
#16 /home/staging/public_html/road-side-rescue.staging.designinternal.com/vendor/laravel/framework/src/Illuminate/Container/Util.php(41): Illuminate\\Container\\BoundMethod::Illuminate\\Container\\{closure}()
#17 /home/staging/public_html/road-side-rescue.staging.designinternal.com/vendor/laravel/framework/src/Illuminate/Container/BoundMethod.php(93): Illuminate\\Container\\Util::unwrapIfClosure(Object(Closure))
#18 /home/staging/public_html/road-side-rescue.staging.designinternal.com/vendor/laravel/framework/src/Illuminate/Container/BoundMethod.php(35): Illuminate\\Container\\BoundMethod::callBoundMethod(Object(Illuminate\\Foundation\\Application), Array, Object(Closure))
#19 /home/staging/public_html/road-side-rescue.staging.designinternal.com/vendor/laravel/framework/src/Illuminate/Container/Container.php(662): Illuminate\\Container\\BoundMethod::call(Object(Illuminate\\Foundation\\Application), Array, Array, NULL)
#20 /home/staging/public_html/road-side-rescue.staging.designinternal.com/vendor/laravel/framework/src/Illuminate/Console/Command.php(212): Illuminate\\Container\\Container->call(Array)
#21 /home/staging/public_html/road-side-rescue.staging.designinternal.com/vendor/symfony/console/Command/Command.php(279): Illuminate\\Console\\Command->execute(Object(Symfony\\Component\\Console\\Input\\ArgvInput), Object(Illuminate\\Console\\OutputStyle))
#22 /home/staging/public_html/road-side-rescue.staging.designinternal.com/vendor/laravel/framework/src/Illuminate/Console/Command.php(181): Symfony\\Component\\Console\\Command\\Command->run(Object(Symfony\\Component\\Console\\Input\\ArgvInput), Object(Illuminate\\Console\\OutputStyle))
#23 /home/staging/public_html/road-side-rescue.staging.designinternal.com/vendor/symfony/console/Application.php(1049): Illuminate\\Console\\Command->run(Object(Symfony\\Component\\Console\\Input\\ArgvInput), Object(Symfony\\Component\\Console\\Output\\ConsoleOutput))
#24 /home/staging/public_html/road-side-rescue.staging.designinternal.com/vendor/symfony/console/Application.php(318): Symfony\\Component\\Console\\Application->doRunCommand(Object(Illuminate\\Database\\Console\\Migrations\\MigrateCommand), Object(Symfony\\Component\\Console\\Input\\ArgvInput), Object(Symfony\\Component\\Console\\Output\\ConsoleOutput))
#25 /home/staging/public_html/road-side-rescue.staging.designinternal.com/vendor/symfony/console/Application.php(169): Symfony\\Component\\Console\\Application->doRun(Object(Symfony\\Component\\Console\\Input\\ArgvInput), Object(Symfony\\Component\\Console\\Output\\ConsoleOutput))
#26 /home/staging/public_html/road-side-rescue.staging.designinternal.com/vendor/laravel/framework/src/Illuminate/Foundation/Console/Kernel.php(196): Symfony\\Component\\Console\\Application->run(Object(Symfony\\Component\\Console\\Input\\ArgvInput), Object(Symfony\\Component\\Console\\Output\\ConsoleOutput))
#27 /home/staging/public_html/road-side-rescue.staging.designinternal.com/vendor/laravel/framework/src/Illuminate/Foundation/Application.php(1187): Illuminate\\Foundation\\Console\\Kernel->handle(Object(Symfony\\Component\\Console\\Input\\ArgvInput), Object(Symfony\\Component\\Console\\Output\\ConsoleOutput))
#28 /home/staging/public_html/road-side-rescue.staging.designinternal.com/artisan(13): Illuminate\\Foundation\\Application->handleCommand(Object(Symfony\\Component\\Console\\Input\\ArgvInput))
#29 {main}

[previous exception] [object] (PDOException(code: 1045): SQLSTATE[HY000] [1045] Access denied for user 'root'@'localhost' (using password: NO) at /home/staging/public_html/road-side-rescue.staging.designinternal.com/vendor/laravel/framework/src/Illuminate/Database/Connectors/Connector.php:65)
[stacktrace]
#0 /home/staging/public_html/road-side-rescue.staging.designinternal.com/vendor/laravel/framework/src/Illuminate/Database/Connectors/Connector.php(65): PDO->__construct('mysql:host=127....', 'root', Object(SensitiveParameterValue), Array)
#1 /home/staging/public_html/road-side-rescue.staging.designinternal.com/vendor/laravel/framework/src/Illuminate/Database/Connectors/Connector.php(44): Illuminate\\Database\\Connectors\\Connector->createPdoConnection('mysql:host=127....', 'root', '', Array)
#2 /home/staging/public_html/road-side-rescue.staging.designinternal.com/vendor/laravel/framework/src/Illuminate/Database/Connectors/MySqlConnector.php(24): Illuminate\\Database\\Connectors\\Connector->createConnection('mysql:host=127....', Array, Array)
#3 /home/staging/public_html/road-side-rescue.staging.designinternal.com/vendor/laravel/framework/src/Illuminate/Database/Connectors/ConnectionFactory.php(185): Illuminate\\Database\\Connectors\\MySqlConnector->connect(Array)
#4 [internal function]: Illuminate\\Database\\Connectors\\ConnectionFactory->Illuminate\\Database\\Connectors\\{closure}()
#5 /home/staging/public_html/road-side-rescue.staging.designinternal.com/vendor/laravel/framework/src/Illuminate/Database/Connection.php(1219): call_user_func(Object(Closure))
#6 /home/staging/public_html/road-side-rescue.staging.designinternal.com/vendor/laravel/framework/src/Illuminate/Database/Connection.php(512): Illuminate\\Database\\Connection->getPdo()
#7 /home/staging/public_html/road-side-rescue.staging.designinternal.com/vendor/laravel/framework/src/Illuminate/Database/Connection.php(407): Illuminate\\Database\\Connection->getPdoForSelect(false)
#8 /home/staging/public_html/road-side-rescue.staging.designinternal.com/vendor/laravel/framework/src/Illuminate/Database/Connection.php(800): Illuminate\\Database\\Connection->Illuminate\\Database\\{closure}('select table_na...', Array)
#9 /home/staging/public_html/road-side-rescue.staging.designinternal.com/vendor/laravel/framework/src/Illuminate/Database/Connection.php(767): Illuminate\\Database\\Connection->runQueryCallback('select table_na...', Array, Object(Closure))
#10 /home/staging/public_html/road-side-rescue.staging.designinternal.com/vendor/laravel/framework/src/Illuminate/Database/Connection.php(398): Illuminate\\Database\\Connection->run('select table_na...', Array, Object(Closure))
#11 /home/staging/public_html/road-side-rescue.staging.designinternal.com/vendor/laravel/framework/src/Illuminate/Database/Connection.php(385): Illuminate\\Database\\Connection->select('select table_na...', Array, false)
#12 /home/staging/public_html/road-side-rescue.staging.designinternal.com/vendor/laravel/framework/src/Illuminate/Database/Schema/MySqlBuilder.php(41): Illuminate\\Database\\Connection->selectFromWriteConnection('select table_na...')
#13 /home/staging/public_html/road-side-rescue.staging.designinternal.com/vendor/laravel/framework/src/Illuminate/Database/Schema/Builder.php(147): Illuminate\\Database\\Schema\\MySqlBuilder->getTables(false)
#14 /home/staging/public_html/road-side-rescue.staging.designinternal.com/vendor/laravel/framework/src/Illuminate/Database/Migrations/DatabaseMigrationRepository.php(184): Illuminate\\Database\\Schema\\Builder->hasTable('migrations')
#15 /home/staging/public_html/road-side-rescue.staging.designinternal.com/vendor/laravel/framework/src/Illuminate/Database/Migrations/Migrator.php(689): Illuminate\\Database\\Migrations\\DatabaseMigrationRepository->repositoryExists()
#16 /home/staging/public_html/road-side-rescue.staging.designinternal.com/vendor/laravel/framework/src/Illuminate/Database/Console/Migrations/MigrateCommand.php(164): Illuminate\\Database\\Migrations\\Migrator->repositoryExists()
#17 /home/staging/public_html/road-side-rescue.staging.designinternal.com/vendor/laravel/framework/src/Illuminate/Support/helpers.php(304): Illuminate\\Database\\Console\\Migrations\\MigrateCommand->Illuminate\\Database\\Console\\Migrations\\{closure}(1)
#18 /home/staging/public_html/road-side-rescue.staging.designinternal.com/vendor/laravel/framework/src/Illuminate/Database/Console/Migrations/MigrateCommand.php(164): retry(1, Object(Closure), 0, Object(Closure))
#19 /home/staging/public_html/road-side-rescue.staging.designinternal.com/vendor/laravel/framework/src/Illuminate/Database/Console/Migrations/MigrateCommand.php(140): Illuminate\\Database\\Console\\Migrations\\MigrateCommand->repositoryExists()
#20 /home/staging/public_html/road-side-rescue.staging.designinternal.com/vendor/laravel/framework/src/Illuminate/Database/Console/Migrations/MigrateCommand.php(110): Illuminate\\Database\\Console\\Migrations\\MigrateCommand->prepareDatabase()
#21 /home/staging/public_html/road-side-rescue.staging.designinternal.com/vendor/laravel/framework/src/Illuminate/Database/Migrations/Migrator.php(622): Illuminate\\Database\\Console\\Migrations\\MigrateCommand->Illuminate\\Database\\Console\\Migrations\\{closure}()
#22 /home/staging/public_html/road-side-rescue.staging.designinternal.com/vendor/laravel/framework/src/Illuminate/Database/Console/Migrations/MigrateCommand.php(109): Illuminate\\Database\\Migrations\\Migrator->usingConnection(NULL, Object(Closure))
#23 /home/staging/public_html/road-side-rescue.staging.designinternal.com/vendor/laravel/framework/src/Illuminate/Database/Console/Migrations/MigrateCommand.php(88): Illuminate\\Database\\Console\\Migrations\\MigrateCommand->runMigrations()
#24 /home/staging/public_html/road-side-rescue.staging.designinternal.com/vendor/laravel/framework/src/Illuminate/Container/BoundMethod.php(36): Illuminate\\Database\\Console\\Migrations\\MigrateCommand->handle()
#25 /home/staging/public_html/road-side-rescue.staging.designinternal.com/vendor/laravel/framework/src/Illuminate/Container/Util.php(41): Illuminate\\Container\\BoundMethod::Illuminate\\Container\\{closure}()
#26 /home/staging/public_html/road-side-rescue.staging.designinternal.com/vendor/laravel/framework/src/Illuminate/Container/BoundMethod.php(93): Illuminate\\Container\\Util::unwrapIfClosure(Object(Closure))
#27 /home/staging/public_html/road-side-rescue.staging.designinternal.com/vendor/laravel/framework/src/Illuminate/Container/BoundMethod.php(35): Illuminate\\Container\\BoundMethod::callBoundMethod(Object(Illuminate\\Foundation\\Application), Array, Object(Closure))
#28 /home/staging/public_html/road-side-rescue.staging.designinternal.com/vendor/laravel/framework/src/Illuminate/Container/Container.php(662): Illuminate\\Container\\BoundMethod::call(Object(Illuminate\\Foundation\\Application), Array, Array, NULL)
#29 /home/staging/public_html/road-side-rescue.staging.designinternal.com/vendor/laravel/framework/src/Illuminate/Console/Command.php(212): Illuminate\\Container\\Container->call(Array)
#30 /home/staging/public_html/road-side-rescue.staging.designinternal.com/vendor/symfony/console/Command/Command.php(279): Illuminate\\Console\\Command->execute(Object(Symfony\\Component\\Console\\Input\\ArgvInput), Object(Illuminate\\Console\\OutputStyle))
#31 /home/staging/public_html/road-side-rescue.staging.designinternal.com/vendor/laravel/framework/src/Illuminate/Console/Command.php(181): Symfony\\Component\\Console\\Command\\Command->run(Object(Symfony\\Component\\Console\\Input\\ArgvInput), Object(Illuminate\\Console\\OutputStyle))
#32 /home/staging/public_html/road-side-rescue.staging.designinternal.com/vendor/symfony/console/Application.php(1049): Illuminate\\Console\\Command->run(Object(Symfony\\Component\\Console\\Input\\ArgvInput), Object(Symfony\\Component\\Console\\Output\\ConsoleOutput))
#33 /home/staging/public_html/road-side-rescue.staging.designinternal.com/vendor/symfony/console/Application.php(318): Symfony\\Component\\Console\\Application->doRunCommand(Object(Illuminate\\Database\\Console\\Migrations\\MigrateCommand), Object(Symfony\\Component\\Console\\Input\\ArgvInput), Object(Symfony\\Component\\Console\\Output\\ConsoleOutput))
#34 /home/staging/public_html/road-side-rescue.staging.designinternal.com/vendor/symfony/console/Application.php(169): Symfony\\Component\\Console\\Application->doRun(Object(Symfony\\Component\\Console\\Input\\ArgvInput), Object(Symfony\\Component\\Console\\Output\\ConsoleOutput))
#35 /home/staging/public_html/road-side-rescue.staging.designinternal.com/vendor/laravel/framework/src/Illuminate/Foundation/Console/Kernel.php(196): Symfony\\Component\\Console\\Application->run(Object(Symfony\\Component\\Console\\Input\\ArgvInput), Object(Symfony\\Component\\Console\\Output\\ConsoleOutput))
#36 /home/staging/public_html/road-side-rescue.staging.designinternal.com/vendor/laravel/framework/src/Illuminate/Foundation/Application.php(1187): Illuminate\\Foundation\\Console\\Kernel->handle(Object(Symfony\\Component\\Console\\Input\\ArgvInput), Object(Symfony\\Component\\Console\\Output\\ConsoleOutput))
#37 /home/staging/public_html/road-side-rescue.staging.designinternal.com/artisan(13): Illuminate\\Foundation\\Application->handleCommand(Object(Symfony\\Component\\Console\\Input\\ArgvInput))
#38 {main}
"} 
[2024-07-03 15:37:45] local.ERROR: The "C:\wamp64\www\road-side-rescue-admin\resources\views" directory does not exist. {"exception":"[object] (Symfony\\Component\\Finder\\Exception\\DirectoryNotFoundException(code: 0): The \"C:\\wamp64\\www\\road-side-rescue-admin\\resources\\views\" directory does not exist. at /home/staging/public_html/road-side-rescue.staging.designinternal.com/vendor/symfony/finder/Finder.php:646)
[stacktrace]
#0 /home/staging/public_html/road-side-rescue.staging.designinternal.com/vendor/laravel/framework/src/Illuminate/Foundation/Console/ViewCacheCommand.php(88): Symfony\\Component\\Finder\\Finder->in(Array)
#1 /home/staging/public_html/road-side-rescue.staging.designinternal.com/vendor/laravel/framework/src/Illuminate/Foundation/Console/ViewCacheCommand.php(43): Illuminate\\Foundation\\Console\\ViewCacheCommand->bladeFilesIn(Array)
#2 /home/staging/public_html/road-side-rescue.staging.designinternal.com/vendor/laravel/framework/src/Illuminate/Collections/Traits/EnumeratesValues.php(237): Illuminate\\Foundation\\Console\\ViewCacheCommand->Illuminate\\Foundation\\Console\\{closure}('C:\\\\wamp64\\\\www\\\\r...', 0)
#3 /home/staging/public_html/road-side-rescue.staging.designinternal.com/vendor/laravel/framework/src/Illuminate/Foundation/Console/ViewCacheCommand.php(38): Illuminate\\Support\\Collection->each(Object(Closure))
#4 /home/staging/public_html/road-side-rescue.staging.designinternal.com/vendor/laravel/framework/src/Illuminate/Container/BoundMethod.php(36): Illuminate\\Foundation\\Console\\ViewCacheCommand->handle()
#5 /home/staging/public_html/road-side-rescue.staging.designinternal.com/vendor/laravel/framework/src/Illuminate/Container/Util.php(41): Illuminate\\Container\\BoundMethod::Illuminate\\Container\\{closure}()
#6 /home/staging/public_html/road-side-rescue.staging.designinternal.com/vendor/laravel/framework/src/Illuminate/Container/BoundMethod.php(93): Illuminate\\Container\\Util::unwrapIfClosure(Object(Closure))
#7 /home/staging/public_html/road-side-rescue.staging.designinternal.com/vendor/laravel/framework/src/Illuminate/Container/BoundMethod.php(35): Illuminate\\Container\\BoundMethod::callBoundMethod(Object(Illuminate\\Foundation\\Application), Array, Object(Closure))
#8 /home/staging/public_html/road-side-rescue.staging.designinternal.com/vendor/laravel/framework/src/Illuminate/Container/Container.php(662): Illuminate\\Container\\BoundMethod::call(Object(Illuminate\\Foundation\\Application), Array, Array, NULL)
#9 /home/staging/public_html/road-side-rescue.staging.designinternal.com/vendor/laravel/framework/src/Illuminate/Console/Command.php(212): Illuminate\\Container\\Container->call(Array)
#10 /home/staging/public_html/road-side-rescue.staging.designinternal.com/vendor/symfony/console/Command/Command.php(279): Illuminate\\Console\\Command->execute(Object(Symfony\\Component\\Console\\Input\\ArrayInput), Object(Illuminate\\Console\\OutputStyle))
#11 /home/staging/public_html/road-side-rescue.staging.designinternal.com/vendor/laravel/framework/src/Illuminate/Console/Command.php(181): Symfony\\Component\\Console\\Command\\Command->run(Object(Symfony\\Component\\Console\\Input\\ArrayInput), Object(Illuminate\\Console\\OutputStyle))
#12 /home/staging/public_html/road-side-rescue.staging.designinternal.com/vendor/laravel/framework/src/Illuminate/Console/Concerns/CallsCommands.php(67): Illuminate\\Console\\Command->run(Object(Symfony\\Component\\Console\\Input\\ArrayInput), Object(Symfony\\Component\\Console\\Output\\NullOutput))
#13 /home/staging/public_html/road-side-rescue.staging.designinternal.com/vendor/laravel/framework/src/Illuminate/Console/Concerns/CallsCommands.php(40): Illuminate\\Console\\Command->runCommand('view:cache', Array, Object(Symfony\\Component\\Console\\Output\\NullOutput))
#14 /home/staging/public_html/road-side-rescue.staging.designinternal.com/vendor/laravel/framework/src/Illuminate/Foundation/Console/OptimizeCommand.php(38): Illuminate\\Console\\Command->callSilent('view:cache')
#15 /home/staging/public_html/road-side-rescue.staging.designinternal.com/vendor/laravel/framework/src/Illuminate/Console/View/Components/Task.php(40): Illuminate\\Foundation\\Console\\OptimizeCommand->Illuminate\\Foundation\\Console\\{closure}()
#16 /home/staging/public_html/road-side-rescue.staging.designinternal.com/vendor/laravel/framework/src/Illuminate/Console/View/Components/Factory.php(58): Illuminate\\Console\\View\\Components\\Task->render('views', Object(Closure))
#17 /home/staging/public_html/road-side-rescue.staging.designinternal.com/vendor/laravel/framework/src/Illuminate/Foundation/Console/OptimizeCommand.php(39): Illuminate\\Console\\View\\Components\\Factory->__call('task', Array)
#18 /home/staging/public_html/road-side-rescue.staging.designinternal.com/vendor/laravel/framework/src/Illuminate/Collections/Traits/EnumeratesValues.php(237): Illuminate\\Foundation\\Console\\OptimizeCommand->Illuminate\\Foundation\\Console\\{closure}(Object(Closure), 'views')
#19 /home/staging/public_html/road-side-rescue.staging.designinternal.com/vendor/laravel/framework/src/Illuminate/Foundation/Console/OptimizeCommand.php(39): Illuminate\\Support\\Collection->each(Object(Closure))
#20 /home/staging/public_html/road-side-rescue.staging.designinternal.com/vendor/laravel/framework/src/Illuminate/Container/BoundMethod.php(36): Illuminate\\Foundation\\Console\\OptimizeCommand->handle()
#21 /home/staging/public_html/road-side-rescue.staging.designinternal.com/vendor/laravel/framework/src/Illuminate/Container/Util.php(41): Illuminate\\Container\\BoundMethod::Illuminate\\Container\\{closure}()
#22 /home/staging/public_html/road-side-rescue.staging.designinternal.com/vendor/laravel/framework/src/Illuminate/Container/BoundMethod.php(93): Illuminate\\Container\\Util::unwrapIfClosure(Object(Closure))
#23 /home/staging/public_html/road-side-rescue.staging.designinternal.com/vendor/laravel/framework/src/Illuminate/Container/BoundMethod.php(35): Illuminate\\Container\\BoundMethod::callBoundMethod(Object(Illuminate\\Foundation\\Application), Array, Object(Closure))
#24 /home/staging/public_html/road-side-rescue.staging.designinternal.com/vendor/laravel/framework/src/Illuminate/Container/Container.php(662): Illuminate\\Container\\BoundMethod::call(Object(Illuminate\\Foundation\\Application), Array, Array, NULL)
#25 /home/staging/public_html/road-side-rescue.staging.designinternal.com/vendor/laravel/framework/src/Illuminate/Console/Command.php(212): Illuminate\\Container\\Container->call(Array)
#26 /home/staging/public_html/road-side-rescue.staging.designinternal.com/vendor/symfony/console/Command/Command.php(279): Illuminate\\Console\\Command->execute(Object(Symfony\\Component\\Console\\Input\\ArgvInput), Object(Illuminate\\Console\\OutputStyle))
#27 /home/staging/public_html/road-side-rescue.staging.designinternal.com/vendor/laravel/framework/src/Illuminate/Console/Command.php(181): Symfony\\Component\\Console\\Command\\Command->run(Object(Symfony\\Component\\Console\\Input\\ArgvInput), Object(Illuminate\\Console\\OutputStyle))
#28 /home/staging/public_html/road-side-rescue.staging.designinternal.com/vendor/symfony/console/Application.php(1049): Illuminate\\Console\\Command->run(Object(Symfony\\Component\\Console\\Input\\ArgvInput), Object(Symfony\\Component\\Console\\Output\\ConsoleOutput))
#29 /home/staging/public_html/road-side-rescue.staging.designinternal.com/vendor/symfony/console/Application.php(318): Symfony\\Component\\Console\\Application->doRunCommand(Object(Illuminate\\Foundation\\Console\\OptimizeCommand), Object(Symfony\\Component\\Console\\Input\\ArgvInput), Object(Symfony\\Component\\Console\\Output\\ConsoleOutput))
#30 /home/staging/public_html/road-side-rescue.staging.designinternal.com/vendor/symfony/console/Application.php(169): Symfony\\Component\\Console\\Application->doRun(Object(Symfony\\Component\\Console\\Input\\ArgvInput), Object(Symfony\\Component\\Console\\Output\\ConsoleOutput))
#31 /home/staging/public_html/road-side-rescue.staging.designinternal.com/vendor/laravel/framework/src/Illuminate/Foundation/Console/Kernel.php(196): Symfony\\Component\\Console\\Application->run(Object(Symfony\\Component\\Console\\Input\\ArgvInput), Object(Symfony\\Component\\Console\\Output\\ConsoleOutput))
#32 /home/staging/public_html/road-side-rescue.staging.designinternal.com/vendor/laravel/framework/src/Illuminate/Foundation/Application.php(1187): Illuminate\\Foundation\\Console\\Kernel->handle(Object(Symfony\\Component\\Console\\Input\\ArgvInput), Object(Symfony\\Component\\Console\\Output\\ConsoleOutput))
#33 /home/staging/public_html/road-side-rescue.staging.designinternal.com/artisan(13): Illuminate\\Foundation\\Application->handleCommand(Object(Symfony\\Component\\Console\\Input\\ArgvInput))
#34 {main}
"} 
